TN:
SF:src/comment.ts
FN:14,renderComment
FN:20,(anonymous_1)
FN:28,renderRow
FN:93,stackedPercent
FN:115,gateBadgeUrl
FN:121,qualityGateState
FN:132,qualityGateText
FN:143,countState
FN:148,pctState
FN:152,pctLabel
FN:159,formatCount
FN:163,linkedIcon
FN:167,link
FN:171,baseHost
FN:176,prFrom
FN:180,encodeKey
FN:184,overallQualityGate
FNF:17
FNH:17
FNDA:12,renderComment
FNDA:13,(anonymous_1)
FNDA:13,renderRow
FNDA:24,stackedPercent
FNDA:12,gateBadgeUrl
FNDA:12,qualityGateState
FNDA:12,qualityGateText
FNDA:24,countState
FNDA:48,pctState
FNDA:48,pctLabel
FNDA:36,formatCount
FNDA:96,linkedIcon
FNDA:13,link
FNDA:12,baseHost
FNDA:12,prFrom
FNDA:12,encodeKey
FNDA:4,overallQualityGate
DA:15,12
DA:20,13
DA:22,12
DA:23,1
DA:25,12
DA:29,13
DA:30,13
DA:32,13
DA:33,1
DA:36,12
DA:37,12
DA:38,12
DA:40,12
DA:41,12
DA:42,12
DA:43,12
DA:45,12
DA:46,12
DA:47,12
DA:48,12
DA:49,12
DA:50,12
DA:52,12
DA:54,12
DA:60,12
DA:66,12
DA:68,12
DA:75,12
DA:82,12
DA:90,12
DA:100,24
DA:106,24
DA:112,24
DA:116,12
DA:122,12
DA:124,12
DA:126,0
DA:128,0
DA:133,12
DA:135,12
DA:137,0
DA:139,0
DA:144,24
DA:145,24
DA:149,48
DA:153,48
DA:154,24
DA:156,24
DA:160,36
DA:164,96
DA:168,13
DA:172,12
DA:173,12
DA:177,12
DA:181,12
DA:185,4
DA:186,3
DA:187,3
DA:188,5
DA:189,4
DA:191,2
LF:61
LH:57
BRDA:22,0,0,1
BRDA:22,0,1,11
BRDA:32,1,0,1
BRDA:32,1,1,12
BRDA:116,2,0,11
BRDA:116,2,1,1
BRDA:122,3,0,12
BRDA:122,3,1,0
BRDA:122,3,2,0
BRDA:133,4,0,12
BRDA:133,4,1,0
BRDA:133,4,2,0
BRDA:144,5,0,0
BRDA:144,5,1,24
BRDA:145,6,0,24
BRDA:145,6,1,0
BRDA:149,7,0,2
BRDA:149,7,1,46
BRDA:153,8,0,24
BRDA:153,8,1,24
BRDA:154,9,0,2
BRDA:154,9,1,22
BRDA:156,10,0,0
BRDA:156,10,1,24
BRDA:160,11,0,0
BRDA:160,11,1,36
BRDA:177,12,0,12
BRDA:177,12,1,0
BRDA:185,13,0,1
BRDA:185,13,1,3
BRDA:188,14,0,1
BRDA:188,14,1,4
BRDA:189,15,0,1
BRDA:189,15,1,3
BRF:34
BRH:25
end_of_record
TN:
SF:src/sonar.ts
FN:15,(anonymous_0)
FN:20,(anonymous_1)
FN:24,(anonymous_2)
FN:28,(anonymous_3)
FN:38,(anonymous_4)
FN:53,(anonymous_5)
FN:69,(anonymous_6)
FN:106,(anonymous_7)
FN:118,(anonymous_8)
FN:135,emptyResult
FN:157,parseIntOrNull
FN:163,parseFloatOrNull
FN:169,sleep
FN:170,(anonymous_13)
FN:173,stripTrailingSlash
FN:179,parseReportTask
FNF:16
FNH:14
FNDA:7,(anonymous_0)
FNDA:20,(anonymous_1)
FNDA:1,(anonymous_2)
FNDA:15,(anonymous_3)
FNDA:15,(anonymous_4)
FNDA:2,(anonymous_5)
FNDA:4,(anonymous_6)
FNDA:6,(anonymous_7)
FNDA:3,(anonymous_8)
FNDA:1,emptyResult
FNDA:3,parseIntOrNull
FNDA:12,parseFloatOrNull
FNDA:0,sleep
FNDA:0,(anonymous_13)
FNDA:26,stripTrailingSlash
FNDA:5,parseReportTask
DA:4,3
DA:15,7
DA:16,7
DA:17,7
DA:21,20
DA:25,1
DA:29,15
DA:30,15
DA:31,46
DA:33,15
DA:34,15
DA:35,15
DA:39,15
DA:40,15
DA:41,15
DA:42,15
DA:43,2
DA:44,2
DA:46,13
DA:48,0
DA:49,0
DA:54,2
DA:55,2
DA:56,2
DA:57,2
DA:58,2
DA:59,2
DA:60,1
DA:61,1
DA:63,0
DA:64,0
DA:66,0
DA:70,4
DA:72,4
DA:76,4
DA:78,4
DA:79,1
DA:82,3
DA:88,3
DA:110,6
DA:115,6
DA:122,3
DA:127,3
DA:128,3
DA:129,6
DA:131,3
DA:142,1
DA:158,3
DA:159,1
DA:160,1
DA:164,12
DA:165,5
DA:166,5
DA:170,0
DA:174,26
DA:175,29
DA:176,26
DA:180,5
DA:181,5
DA:182,15
DA:183,15
DA:184,12
DA:185,12
DA:186,12
DA:188,5
DA:189,2
DA:191,3
LF:67
LH:61
BRDA:31,0,0,46
BRDA:31,0,1,0
BRDA:31,1,0,46
BRDA:31,1,1,46
BRDA:34,2,0,15
BRDA:34,2,1,0
BRDA:42,3,0,2
BRDA:42,3,1,13
BRDA:53,4,0,2
BRDA:59,5,0,1
BRDA:59,5,1,1
BRDA:60,6,0,1
BRDA:60,6,1,0
BRDA:60,7,0,1
BRDA:60,7,1,0
BRDA:76,8,0,4
BRDA:76,8,1,0
BRDA:78,9,0,1
BRDA:78,9,1,3
BRDA:97,10,0,3
BRDA:97,10,1,2
BRDA:115,11,0,4
BRDA:115,11,1,2
BRDA:128,12,0,3
BRDA:128,12,1,0
BRDA:129,13,0,6
BRDA:129,13,1,5
BRDA:158,14,0,2
BRDA:158,14,1,1
BRDA:158,15,0,3
BRDA:158,15,1,1
BRDA:160,16,0,1
BRDA:160,16,1,0
BRDA:164,17,0,7
BRDA:164,17,1,5
BRDA:164,18,0,12
BRDA:164,18,1,5
BRDA:166,19,0,5
BRDA:166,19,1,0
BRDA:183,20,0,3
BRDA:183,20,1,12
BRDA:183,21,0,15
BRDA:183,21,1,14
BRDA:185,22,0,0
BRDA:185,22,1,12
BRDA:188,23,0,2
BRDA:188,23,1,3
BRDA:188,24,0,5
BRDA:188,24,1,4
BRF:49
BRH:40
end_of_record
TN:
SF:src/sources.ts
FN:7,parseProjectsInput
FN:26,loadFromProjects
FN:31,(anonymous_2)
FN:34,loadFromReportTaskFiles
FN:49,(anonymous_4)
FN:60,(anonymous_5)
FN:62,(anonymous_6)
FNF:7
FNH:3
FNDA:8,parseProjectsInput
FNDA:1,loadFromProjects
FNDA:2,(anonymous_2)
FNDA:0,loadFromReportTaskFiles
FNDA:0,(anonymous_4)
FNDA:0,(anonymous_5)
FNDA:0,(anonymous_6)
DA:8,8
DA:9,5
DA:10,5
DA:11,8
DA:12,8
DA:13,8
DA:14,8
DA:15,1
DA:17,7
DA:23,5
DA:31,2
DA:40,0
DA:41,0
DA:42,0
DA:43,0
DA:44,0
DA:45,0
DA:48,0
DA:50,0
DA:51,0
DA:52,0
DA:54,0
DA:55,0
DA:60,0
DA:61,0
DA:63,0
DA:64,0
DA:65,0
DA:67,0
DA:72,0
LF:30
LH:11
BRDA:8,0,0,3
BRDA:8,0,1,5
BRDA:12,1,0,0
BRDA:12,1,1,8
BRDA:14,2,0,1
BRDA:14,2,1,7
BRDA:40,3,0,0
BRDA:40,3,1,0
BRDA:43,4,0,0
BRDA:43,4,1,0
BRDA:63,5,0,0
BRDA:63,5,1,0
BRF:12
BRH:5
end_of_record
TN:
SF:src/types.ts
FNF:0
FNH:0
LF:0
LH:0
BRF:0
BRH:0
end_of_record
